================================================================================
🚀 FULL MILP OPTIMERING - NATTEKJØRING
================================================================================
Start tid: 2025-09-21 17:16:06.912991
Estimert kjøretid: 2-8 timer avhengig av problemstørrelse
--------------------------------------------------------------------------------

📊 HENTER DATA...
----------------------------------------
Henter solproduksjon fra PVGIS...
Traceback (most recent call last):
  File "/mnt/c/Users/klaus/klauspython/offgrid2/battery_optimization/run_full_milp_optimization.py", line 308, in <module>
    main()
    ~~~~^^
  File "/mnt/c/Users/klaus/klauspython/offgrid2/battery_optimization/run_full_milp_optimization.py", line 156, in main
    pvgis = PVGISProduction(
        lat=SYSTEM_CONFIG['location']['lat'],
    ...<3 lines>...
        use_cache=True
    )
TypeError: PVGISProduction.__init__() got an unexpected keyword argument 'capacity_kwp'. Did you mean 'pv_capacity_kwp'?
